<?xml version="1.0" encoding="UTF-8"?>
<!-- Generated by org.testng.reporters.JUnitXMLReporter -->
<testsuite ignored="0" hostname="DESKTOP-QJNI2U2" failures="0" tests="11" name="Regresion_Test" time="77.672" errors="0" timestamp="2021-09-29T16:20:26 IST">
  <testcase classname="tests.TS_FormFillupInvalid" name="TC_InvalidFirstName" time="5.454"/>
  <testcase classname="tests.TS_FormFillupInvalid" name="TC_InvalidLastName" time="5.939"/>
  <testcase classname="tests.TS_FormFillupInvalid" name="TC_InvalidJobFunction" time="5.251"/>
  <testcase classname="tests.TS_FormFillupInvalid" name="TC_InvalidJobTitle" time="5.31"/>
  <testcase classname="tests.TS_FormFillupInvalid" name="TC_InvalidEmail" time="5.381"/>
  <testcase classname="tests.TS_FormFillupInvalid" name="TC_InvalidPhoneNo" time="5.167"/>
  <testcase classname="tests.TS_FormFillupInvalid" name="TC_InvalidInstitutionName" time="5.303"/>
  <testcase classname="tests.TS_FormFillupInvalid" name="TC_InvalidInstitutionType" time="5.42"/>
  <testcase classname="tests.TS_FormFillupInvalid" name="TC_InvalidPrimaryDiscipline" time="5.859"/>
  <testcase classname="tests.TS_FormFillupInvalid" name="TC_InvalidCountry" time="14.287"/>
  <testcase classname="tests.TS_FormFillupInvalid" name="TC_InvalidState" time="5.327"/>
</testsuite> <!-- Regresion_Test -->
