<?xml version="1.0" encoding="UTF-8"?>
<!-- Generated by org.testng.reporters.JUnitXMLReporter -->
<testsuite ignored="0" hostname="DESKTOP-QJNI2U2" failures="0" tests="11" name="Regresion_Test" time="77.287" errors="0" timestamp="2021-10-03T16:23:44 IST">
  <testcase classname="tests.TS_FormFillupInvalid" name="TC_InvalidFirstName" time="6.328"/>
  <testcase classname="tests.TS_FormFillupInvalid" name="TC_InvalidLastName" time="5.393"/>
  <testcase classname="tests.TS_FormFillupInvalid" name="TC_InvalidJobFunction" time="6.169"/>
  <testcase classname="tests.TS_FormFillupInvalid" name="TC_InvalidJobTitle" time="5.251"/>
  <testcase classname="tests.TS_FormFillupInvalid" name="TC_InvalidEmail" time="5.188"/>
  <testcase classname="tests.TS_FormFillupInvalid" name="TC_InvalidPhoneNo" time="5.483"/>
  <testcase classname="tests.TS_FormFillupInvalid" name="TC_InvalidInstitutionName" time="6.735"/>
  <testcase classname="tests.TS_FormFillupInvalid" name="TC_InvalidInstitutionType" time="6.026"/>
  <testcase classname="tests.TS_FormFillupInvalid" name="TC_InvalidPrimaryDiscipline" time="5.185"/>
  <testcase classname="tests.TS_FormFillupInvalid" name="TC_InvalidCountry" time="10.128"/>
  <testcase classname="tests.TS_FormFillupInvalid" name="TC_InvalidState" time="5.16"/>
</testsuite> <!-- Regresion_Test -->
