<?xml version="1.0" encoding="UTF-8"?>
<!-- Generated by org.testng.reporters.JUnitXMLReporter -->
<testsuite ignored="4" hostname="DESKTOP-QJNI2U2" failures="0" tests="10" name="Smoke_Test" time="44.565" errors="0" timestamp="2021-09-29T16:19:03 IST">
  <testcase classname="tests.TS_CourseSearch" name="TC_SearchTextBox" time="5.335"/>
  <testcase classname="tests.TS_CourseSearch" name="TC_FilterLanguage" time="1.666"/>
  <testcase classname="tests.TS_CourseSearch" name="TC_FilterLevel" time="1.943"/>
  <testcase classname="tests.TS_CourseSearch" name="TC_CourseAvailability" time="1.986"/>
  <testcase classname="tests.TS_CourseSearch" name="TC_CourseDuration" time="3.896"/>
  <testcase classname="tests.TS_Filter" name="languagesDisplayed" time="12.198"/>
  <testcase classname="tests.TS_Filter" name="extractLanguageDetails" time="1.217"/>
  <testcase classname="tests.TS_Filter" name="levelsDisplayed" time="0.057"/>
  <testcase classname="tests.TS_Filter" name="extractLevelsDetails" time="0.082"/>
  <testcase classname="tests.TS_FormFillupValid" name="TC_validData" time="13.448"/>
  <testcase classname="tests.BaseClass" name="@BeforeSuite openWebsite" time="0.0">
    <ignored/>
  </testcase> <!-- @BeforeSuite openWebsite -->
  <testcase classname="tests.BaseClass" name="@BeforeSuite openWebsite" time="0.0">
    <ignored/>
  </testcase> <!-- @BeforeSuite openWebsite -->
  <testcase classname="tests.BaseClass" name="@AfterSuite exitBrowser" time="0.0">
    <ignored/>
  </testcase> <!-- @AfterSuite exitBrowser -->
  <testcase classname="tests.BaseClass" name="@AfterSuite exitBrowser" time="0.0">
    <ignored/>
  </testcase> <!-- @AfterSuite exitBrowser -->
</testsuite> <!-- Smoke_Test -->
