<?xml version="1.0" encoding="UTF-8"?>
<!-- Generated by org.testng.reporters.JUnitXMLReporter -->
<testsuite ignored="4" hostname="DESKTOP-QJNI2U2" failures="0" tests="10" name="Smoke_Test" time="44.175" errors="0" timestamp="2021-10-03T16:22:18 IST">
  <testcase classname="tests.TS_CourseSearch" name="TC_SearchTextBox" time="4.705"/>
  <testcase classname="tests.TS_CourseSearch" name="TC_FilterLanguage" time="4.506"/>
  <testcase classname="tests.TS_CourseSearch" name="TC_FilterLevel" time="0.443"/>
  <testcase classname="tests.TS_CourseSearch" name="TC_CourseAvailability" time="0.852"/>
  <testcase classname="tests.TS_CourseSearch" name="TC_CourseDuration" time="5.33"/>
  <testcase classname="tests.TS_Filter" name="languagesDisplayed" time="9.498"/>
  <testcase classname="tests.TS_Filter" name="extractLanguageDetails" time="1.664"/>
  <testcase classname="tests.TS_Filter" name="levelsDisplayed" time="0.055"/>
  <testcase classname="tests.TS_Filter" name="extractLevelsDetails" time="0.078"/>
  <testcase classname="tests.TS_FormFillupValid" name="TC_validData" time="14.003"/>
  <testcase classname="tests.BaseClass" name="@BeforeSuite openWebsite" time="0.0">
    <ignored/>
  </testcase> <!-- @BeforeSuite openWebsite -->
  <testcase classname="tests.BaseClass" name="@BeforeSuite openWebsite" time="0.0">
    <ignored/>
  </testcase> <!-- @BeforeSuite openWebsite -->
  <testcase classname="tests.BaseClass" name="@AfterSuite exitBrowser" time="0.0">
    <ignored/>
  </testcase> <!-- @AfterSuite exitBrowser -->
  <testcase classname="tests.BaseClass" name="@AfterSuite exitBrowser" time="0.0">
    <ignored/>
  </testcase> <!-- @AfterSuite exitBrowser -->
</testsuite> <!-- Smoke_Test -->
