<?xml version="1.0" encoding="UTF-8"?>
<testng-results ignored="4" total="25" passed="21" failed="0" skipped="0">
  <reporter-output>
  </reporter-output>
  <suite started-at="2021-10-03T16:21:34 IST" name="Smoke_Suite" finished-at="2021-10-03T16:22:18 IST" duration-ms="44175">
    <groups>
    </groups>
    <test started-at="2021-10-03T16:21:34 IST" name="Smoke_Test" finished-at="2021-10-03T16:22:18 IST" duration-ms="44175">
      <class name="tests.TS_CourseSearch">
        <test-method is-config="true" signature="openWebsite()[pri:0, instance:tests.TS_CourseSearch@7e0e6aa2]" started-at="2021-10-03T16:21:27 IST" name="openWebsite" finished-at="2021-10-03T16:21:34 IST" duration-ms="6779" status="PASS">
          <reporter-output>
          </reporter-output>
        </test-method> <!-- openWebsite -->
        <test-method is-config="true" signature="TC_initiateCourse()[pri:0, instance:tests.TS_CourseSearch@7e0e6aa2]" started-at="2021-10-03T16:21:34 IST" name="TC_initiateCourse" finished-at="2021-10-03T16:21:34 IST" duration-ms="2" status="PASS">
          <reporter-output>
          </reporter-output>
        </test-method> <!-- TC_initiateCourse -->
        <test-method signature="TC_SearchTextBox()[pri:1, instance:tests.TS_CourseSearch@7e0e6aa2]" started-at="2021-10-03T16:21:34 IST" name="TC_SearchTextBox" finished-at="2021-10-03T16:21:39 IST" duration-ms="4705" status="PASS">
          <reporter-output>
          </reporter-output>
        </test-method> <!-- TC_SearchTextBox -->
        <test-method signature="TC_FilterLanguage()[pri:2, instance:tests.TS_CourseSearch@7e0e6aa2]" started-at="2021-10-03T16:21:39 IST" name="TC_FilterLanguage" finished-at="2021-10-03T16:21:44 IST" duration-ms="4506" status="PASS">
          <reporter-output>
          </reporter-output>
        </test-method> <!-- TC_FilterLanguage -->
        <test-method signature="TC_FilterLevel()[pri:3, instance:tests.TS_CourseSearch@7e0e6aa2]" started-at="2021-10-03T16:21:44 IST" name="TC_FilterLevel" finished-at="2021-10-03T16:21:44 IST" duration-ms="443" status="PASS">
          <reporter-output>
          </reporter-output>
        </test-method> <!-- TC_FilterLevel -->
        <test-method signature="TC_CourseAvailability()[pri:4, instance:tests.TS_CourseSearch@7e0e6aa2]" started-at="2021-10-03T16:21:45 IST" name="TC_CourseAvailability" finished-at="2021-10-03T16:21:46 IST" duration-ms="852" status="PASS">
          <reporter-output>
          </reporter-output>
        </test-method> <!-- TC_CourseAvailability -->
        <test-method signature="TC_CourseDuration()[pri:5, instance:tests.TS_CourseSearch@7e0e6aa2]" started-at="2021-10-03T16:21:46 IST" name="TC_CourseDuration" finished-at="2021-10-03T16:21:52 IST" duration-ms="5330" status="PASS">
          <reporter-output>
          </reporter-output>
        </test-method> <!-- TC_CourseDuration -->
        <test-method is-config="true" signature="exitBrowser()[pri:0, instance:tests.TS_CourseSearch@7e0e6aa2]" started-at="2021-10-03T16:22:18 IST" name="exitBrowser" finished-at="2021-10-03T16:22:18 IST" duration-ms="232" status="PASS">
          <reporter-output>
          </reporter-output>
        </test-method> <!-- exitBrowser -->
      </class> <!-- tests.TS_CourseSearch -->
      <class name="tests.TS_Filter">
        <test-method is-config="true" signature="TC_initiateClasses()[pri:0, instance:tests.TS_Filter@365185bd]" started-at="2021-10-03T16:21:34 IST" name="TC_initiateClasses" finished-at="2021-10-03T16:21:34 IST" duration-ms="4" status="PASS">
          <reporter-output>
          </reporter-output>
        </test-method> <!-- TC_initiateClasses -->
        <test-method signature="languagesDisplayed()[pri:1, instance:tests.TS_Filter@365185bd]" started-at="2021-10-03T16:21:52 IST" name="languagesDisplayed" finished-at="2021-10-03T16:22:01 IST" duration-ms="9498" status="PASS">
          <reporter-output>
          </reporter-output>
        </test-method> <!-- languagesDisplayed -->
        <test-method signature="extractLanguageDetails()[pri:2, instance:tests.TS_Filter@365185bd]" started-at="2021-10-03T16:22:02 IST" name="extractLanguageDetails" finished-at="2021-10-03T16:22:03 IST" duration-ms="1664" status="PASS">
          <reporter-output>
          </reporter-output>
        </test-method> <!-- extractLanguageDetails -->
        <test-method signature="levelsDisplayed()[pri:3, instance:tests.TS_Filter@365185bd]" started-at="2021-10-03T16:22:03 IST" name="levelsDisplayed" finished-at="2021-10-03T16:22:03 IST" duration-ms="55" status="PASS">
          <reporter-output>
          </reporter-output>
        </test-method> <!-- levelsDisplayed -->
        <test-method signature="extractLevelsDetails()[pri:4, instance:tests.TS_Filter@365185bd]" started-at="2021-10-03T16:22:04 IST" name="extractLevelsDetails" finished-at="2021-10-03T16:22:04 IST" duration-ms="78" status="PASS">
          <reporter-output>
          </reporter-output>
        </test-method> <!-- extractLevelsDetails -->
      </class> <!-- tests.TS_Filter -->
      <class name="tests.TS_FormFillupValid">
        <test-method is-config="true" signature="TC_initiateCourse()[pri:0, instance:tests.TS_FormFillupValid@18bf3d14]" started-at="2021-10-03T16:21:34 IST" name="TC_initiateCourse" finished-at="2021-10-03T16:21:34 IST" duration-ms="2" status="PASS">
          <reporter-output>
          </reporter-output>
        </test-method> <!-- TC_initiateCourse -->
        <test-method signature="TC_validData()[pri:1, instance:tests.TS_FormFillupValid@18bf3d14]" started-at="2021-10-03T16:22:04 IST" name="TC_validData" finished-at="2021-10-03T16:22:18 IST" duration-ms="14003" status="PASS">
          <reporter-output>
          </reporter-output>
        </test-method> <!-- TC_validData -->
      </class> <!-- tests.TS_FormFillupValid -->
    </test> <!-- Smoke_Test -->
  </suite> <!-- Smoke_Suite -->
  <suite started-at="2021-10-03T16:23:45 IST" name="Hackathon_DataDriver" finished-at="2021-10-03T16:23:45 IST" duration-ms="0">
    <groups>
    </groups>
  </suite> <!-- Hackathon_DataDriver -->
  <suite started-at="2021-10-03T16:22:27 IST" name="Regression_Suite" finished-at="2021-10-03T16:23:44 IST" duration-ms="77287">
    <groups>
    </groups>
    <test started-at="2021-10-03T16:22:27 IST" name="Regresion_Test" finished-at="2021-10-03T16:23:44 IST" duration-ms="77287">
      <class name="tests.TS_FormFillupInvalid">
        <test-method is-config="true" signature="openWebsite()[pri:0, instance:tests.TS_FormFillupInvalid@281e3708]" started-at="2021-10-03T16:22:18 IST" name="openWebsite" finished-at="2021-10-03T16:22:27 IST" duration-ms="8539" status="PASS">
          <reporter-output>
          </reporter-output>
        </test-method> <!-- openWebsite -->
        <test-method is-config="true" signature="navigateToForm()[pri:0, instance:tests.TS_FormFillupInvalid@281e3708]" started-at="2021-10-03T16:22:27 IST" name="navigateToForm" finished-at="2021-10-03T16:22:33 IST" duration-ms="5687" status="PASS">
          <reporter-output>
          </reporter-output>
        </test-method> <!-- navigateToForm -->
        <test-method is-config="true" signature="refreshpage()[pri:0, instance:tests.TS_FormFillupInvalid@281e3708]" started-at="2021-10-03T16:22:33 IST" name="refreshpage" finished-at="2021-10-03T16:22:36 IST" duration-ms="3125" status="PASS">
          <reporter-output>
          </reporter-output>
        </test-method> <!-- refreshpage -->
        <test-method signature="TC_InvalidFirstName()[pri:1, instance:tests.TS_FormFillupInvalid@281e3708]" started-at="2021-10-03T16:22:36 IST" name="TC_InvalidFirstName" finished-at="2021-10-03T16:22:42 IST" duration-ms="6328" status="PASS">
          <reporter-output>
          </reporter-output>
        </test-method> <!-- TC_InvalidFirstName -->
        <test-method is-config="true" signature="refreshpage()[pri:0, instance:tests.TS_FormFillupInvalid@281e3708]" started-at="2021-10-03T16:22:42 IST" name="refreshpage" finished-at="2021-10-03T16:22:42 IST" duration-ms="9" status="PASS">
          <reporter-output>
          </reporter-output>
        </test-method> <!-- refreshpage -->
        <test-method signature="TC_InvalidLastName()[pri:2, instance:tests.TS_FormFillupInvalid@281e3708]" started-at="2021-10-03T16:22:42 IST" name="TC_InvalidLastName" finished-at="2021-10-03T16:22:48 IST" duration-ms="5393" status="PASS">
          <reporter-output>
          </reporter-output>
        </test-method> <!-- TC_InvalidLastName -->
        <test-method is-config="true" signature="refreshpage()[pri:0, instance:tests.TS_FormFillupInvalid@281e3708]" started-at="2021-10-03T16:22:48 IST" name="refreshpage" finished-at="2021-10-03T16:22:48 IST" duration-ms="6" status="PASS">
          <reporter-output>
          </reporter-output>
        </test-method> <!-- refreshpage -->
        <test-method signature="TC_InvalidJobFunction()[pri:3, instance:tests.TS_FormFillupInvalid@281e3708]" started-at="2021-10-03T16:22:48 IST" name="TC_InvalidJobFunction" finished-at="2021-10-03T16:22:54 IST" duration-ms="6169" status="PASS">
          <reporter-output>
          </reporter-output>
        </test-method> <!-- TC_InvalidJobFunction -->
        <test-method is-config="true" signature="refreshpage()[pri:0, instance:tests.TS_FormFillupInvalid@281e3708]" started-at="2021-10-03T16:22:54 IST" name="refreshpage" finished-at="2021-10-03T16:22:54 IST" duration-ms="8" status="PASS">
          <reporter-output>
          </reporter-output>
        </test-method> <!-- refreshpage -->
        <test-method signature="TC_InvalidJobTitle()[pri:4, instance:tests.TS_FormFillupInvalid@281e3708]" started-at="2021-10-03T16:22:54 IST" name="TC_InvalidJobTitle" finished-at="2021-10-03T16:22:59 IST" duration-ms="5251" status="PASS">
          <reporter-output>
          </reporter-output>
        </test-method> <!-- TC_InvalidJobTitle -->
        <test-method is-config="true" signature="refreshpage()[pri:0, instance:tests.TS_FormFillupInvalid@281e3708]" started-at="2021-10-03T16:22:59 IST" name="refreshpage" finished-at="2021-10-03T16:22:59 IST" duration-ms="7" status="PASS">
          <reporter-output>
          </reporter-output>
        </test-method> <!-- refreshpage -->
        <test-method signature="TC_InvalidEmail()[pri:5, instance:tests.TS_FormFillupInvalid@281e3708]" started-at="2021-10-03T16:22:59 IST" name="TC_InvalidEmail" finished-at="2021-10-03T16:23:05 IST" duration-ms="5188" status="PASS">
          <reporter-output>
          </reporter-output>
        </test-method> <!-- TC_InvalidEmail -->
        <test-method is-config="true" signature="refreshpage()[pri:0, instance:tests.TS_FormFillupInvalid@281e3708]" started-at="2021-10-03T16:23:05 IST" name="refreshpage" finished-at="2021-10-03T16:23:05 IST" duration-ms="8" status="PASS">
          <reporter-output>
          </reporter-output>
        </test-method> <!-- refreshpage -->
        <test-method signature="TC_InvalidPhoneNo()[pri:6, instance:tests.TS_FormFillupInvalid@281e3708]" started-at="2021-10-03T16:23:05 IST" name="TC_InvalidPhoneNo" finished-at="2021-10-03T16:23:10 IST" duration-ms="5483" status="PASS">
          <reporter-output>
          </reporter-output>
        </test-method> <!-- TC_InvalidPhoneNo -->
        <test-method is-config="true" signature="refreshpage()[pri:0, instance:tests.TS_FormFillupInvalid@281e3708]" started-at="2021-10-03T16:23:10 IST" name="refreshpage" finished-at="2021-10-03T16:23:10 IST" duration-ms="8" status="PASS">
          <reporter-output>
          </reporter-output>
        </test-method> <!-- refreshpage -->
        <test-method signature="TC_InvalidInstitutionName()[pri:7, instance:tests.TS_FormFillupInvalid@281e3708]" started-at="2021-10-03T16:23:10 IST" name="TC_InvalidInstitutionName" finished-at="2021-10-03T16:23:17 IST" duration-ms="6735" status="PASS">
          <reporter-output>
          </reporter-output>
        </test-method> <!-- TC_InvalidInstitutionName -->
        <test-method is-config="true" signature="refreshpage()[pri:0, instance:tests.TS_FormFillupInvalid@281e3708]" started-at="2021-10-03T16:23:17 IST" name="refreshpage" finished-at="2021-10-03T16:23:17 IST" duration-ms="5" status="PASS">
          <reporter-output>
          </reporter-output>
        </test-method> <!-- refreshpage -->
        <test-method signature="TC_InvalidInstitutionType()[pri:8, instance:tests.TS_FormFillupInvalid@281e3708]" started-at="2021-10-03T16:23:17 IST" name="TC_InvalidInstitutionType" finished-at="2021-10-03T16:23:23 IST" duration-ms="6026" status="PASS">
          <reporter-output>
          </reporter-output>
        </test-method> <!-- TC_InvalidInstitutionType -->
        <test-method is-config="true" signature="refreshpage()[pri:0, instance:tests.TS_FormFillupInvalid@281e3708]" started-at="2021-10-03T16:23:23 IST" name="refreshpage" finished-at="2021-10-03T16:23:23 IST" duration-ms="7" status="PASS">
          <reporter-output>
          </reporter-output>
        </test-method> <!-- refreshpage -->
        <test-method signature="TC_InvalidPrimaryDiscipline()[pri:9, instance:tests.TS_FormFillupInvalid@281e3708]" started-at="2021-10-03T16:23:23 IST" name="TC_InvalidPrimaryDiscipline" finished-at="2021-10-03T16:23:29 IST" duration-ms="5185" status="PASS">
          <reporter-output>
          </reporter-output>
        </test-method> <!-- TC_InvalidPrimaryDiscipline -->
        <test-method is-config="true" signature="refreshpage()[pri:0, instance:tests.TS_FormFillupInvalid@281e3708]" started-at="2021-10-03T16:23:29 IST" name="refreshpage" finished-at="2021-10-03T16:23:29 IST" duration-ms="7" status="PASS">
          <reporter-output>
          </reporter-output>
        </test-method> <!-- refreshpage -->
        <test-method signature="TC_InvalidCountry()[pri:10, instance:tests.TS_FormFillupInvalid@281e3708]" started-at="2021-10-03T16:23:29 IST" name="TC_InvalidCountry" finished-at="2021-10-03T16:23:39 IST" duration-ms="10128" status="PASS">
          <reporter-output>
          </reporter-output>
        </test-method> <!-- TC_InvalidCountry -->
        <test-method is-config="true" signature="refreshpage()[pri:0, instance:tests.TS_FormFillupInvalid@281e3708]" started-at="2021-10-03T16:23:39 IST" name="refreshpage" finished-at="2021-10-03T16:23:39 IST" duration-ms="6" status="PASS">
          <reporter-output>
          </reporter-output>
        </test-method> <!-- refreshpage -->
        <test-method signature="TC_InvalidState()[pri:11, instance:tests.TS_FormFillupInvalid@281e3708]" started-at="2021-10-03T16:23:39 IST" name="TC_InvalidState" finished-at="2021-10-03T16:23:44 IST" duration-ms="5160" status="PASS">
          <reporter-output>
          </reporter-output>
        </test-method> <!-- TC_InvalidState -->
        <test-method is-config="true" signature="exitBrowser()[pri:0, instance:tests.TS_FormFillupInvalid@281e3708]" started-at="2021-10-03T16:23:44 IST" name="exitBrowser" finished-at="2021-10-03T16:23:45 IST" duration-ms="376" status="PASS">
          <reporter-output>
          </reporter-output>
        </test-method> <!-- exitBrowser -->
      </class> <!-- tests.TS_FormFillupInvalid -->
    </test> <!-- Regresion_Test -->
  </suite> <!-- Regression_Suite -->
</testng-results>
