<?xml version="1.0" encoding="UTF-8"?>
<testng-results ignored="4" total="25" passed="21" failed="0" skipped="0">
  <reporter-output>
  </reporter-output>
  <suite started-at="2021-09-29T16:18:18 IST" name="Smoke_Suite" finished-at="2021-09-29T16:19:03 IST" duration-ms="44565">
    <groups>
    </groups>
    <test started-at="2021-09-29T16:18:18 IST" name="Smoke_Test" finished-at="2021-09-29T16:19:03 IST" duration-ms="44565">
      <class name="tests.TS_CourseSearch">
        <test-method is-config="true" signature="openWebsite()[pri:0, instance:tests.TS_CourseSearch@bef2d72]" started-at="2021-09-29T16:18:11 IST" name="openWebsite" finished-at="2021-09-29T16:18:18 IST" duration-ms="6641" status="PASS">
          <reporter-output>
          </reporter-output>
        </test-method> <!-- openWebsite -->
        <test-method is-config="true" signature="TC_initiateCourse()[pri:0, instance:tests.TS_CourseSearch@bef2d72]" started-at="2021-09-29T16:18:18 IST" name="TC_initiateCourse" finished-at="2021-09-29T16:18:18 IST" duration-ms="2" status="PASS">
          <reporter-output>
          </reporter-output>
        </test-method> <!-- TC_initiateCourse -->
        <test-method signature="TC_SearchTextBox()[pri:1, instance:tests.TS_CourseSearch@bef2d72]" started-at="2021-09-29T16:18:18 IST" name="TC_SearchTextBox" finished-at="2021-09-29T16:18:24 IST" duration-ms="5335" status="PASS">
          <reporter-output>
          </reporter-output>
        </test-method> <!-- TC_SearchTextBox -->
        <test-method signature="TC_FilterLanguage()[pri:2, instance:tests.TS_CourseSearch@bef2d72]" started-at="2021-09-29T16:18:24 IST" name="TC_FilterLanguage" finished-at="2021-09-29T16:18:26 IST" duration-ms="1666" status="PASS">
          <reporter-output>
          </reporter-output>
        </test-method> <!-- TC_FilterLanguage -->
        <test-method signature="TC_FilterLevel()[pri:3, instance:tests.TS_CourseSearch@bef2d72]" started-at="2021-09-29T16:18:26 IST" name="TC_FilterLevel" finished-at="2021-09-29T16:18:28 IST" duration-ms="1943" status="PASS">
          <reporter-output>
          </reporter-output>
        </test-method> <!-- TC_FilterLevel -->
        <test-method signature="TC_CourseAvailability()[pri:4, instance:tests.TS_CourseSearch@bef2d72]" started-at="2021-09-29T16:18:29 IST" name="TC_CourseAvailability" finished-at="2021-09-29T16:18:31 IST" duration-ms="1986" status="PASS">
          <reporter-output>
          </reporter-output>
        </test-method> <!-- TC_CourseAvailability -->
        <test-method signature="TC_CourseDuration()[pri:5, instance:tests.TS_CourseSearch@bef2d72]" started-at="2021-09-29T16:18:31 IST" name="TC_CourseDuration" finished-at="2021-09-29T16:18:35 IST" duration-ms="3896" status="PASS">
          <reporter-output>
          </reporter-output>
        </test-method> <!-- TC_CourseDuration -->
        <test-method is-config="true" signature="exitBrowser()[pri:0, instance:tests.TS_CourseSearch@bef2d72]" started-at="2021-09-29T16:19:03 IST" name="exitBrowser" finished-at="2021-09-29T16:19:03 IST" duration-ms="235" status="PASS">
          <reporter-output>
          </reporter-output>
        </test-method> <!-- exitBrowser -->
      </class> <!-- tests.TS_CourseSearch -->
      <class name="tests.TS_Filter">
        <test-method is-config="true" signature="TC_initiateClasses()[pri:0, instance:tests.TS_Filter@69b2283a]" started-at="2021-09-29T16:18:18 IST" name="TC_initiateClasses" finished-at="2021-09-29T16:18:18 IST" duration-ms="2" status="PASS">
          <reporter-output>
          </reporter-output>
        </test-method> <!-- TC_initiateClasses -->
        <test-method signature="languagesDisplayed()[pri:1, instance:tests.TS_Filter@69b2283a]" started-at="2021-09-29T16:18:35 IST" name="languagesDisplayed" finished-at="2021-09-29T16:18:47 IST" duration-ms="12198" status="PASS">
          <reporter-output>
          </reporter-output>
        </test-method> <!-- languagesDisplayed -->
        <test-method signature="extractLanguageDetails()[pri:2, instance:tests.TS_Filter@69b2283a]" started-at="2021-09-29T16:18:47 IST" name="extractLanguageDetails" finished-at="2021-09-29T16:18:48 IST" duration-ms="1217" status="PASS">
          <reporter-output>
          </reporter-output>
        </test-method> <!-- extractLanguageDetails -->
        <test-method signature="levelsDisplayed()[pri:3, instance:tests.TS_Filter@69b2283a]" started-at="2021-09-29T16:18:49 IST" name="levelsDisplayed" finished-at="2021-09-29T16:18:49 IST" duration-ms="57" status="PASS">
          <reporter-output>
          </reporter-output>
        </test-method> <!-- levelsDisplayed -->
        <test-method signature="extractLevelsDetails()[pri:4, instance:tests.TS_Filter@69b2283a]" started-at="2021-09-29T16:18:49 IST" name="extractLevelsDetails" finished-at="2021-09-29T16:18:49 IST" duration-ms="82" status="PASS">
          <reporter-output>
          </reporter-output>
        </test-method> <!-- extractLevelsDetails -->
      </class> <!-- tests.TS_Filter -->
      <class name="tests.TS_FormFillupValid">
        <test-method is-config="true" signature="TC_initiateCourse()[pri:0, instance:tests.TS_FormFillupValid@22a637e7]" started-at="2021-09-29T16:18:18 IST" name="TC_initiateCourse" finished-at="2021-09-29T16:18:18 IST" duration-ms="0" status="PASS">
          <reporter-output>
          </reporter-output>
        </test-method> <!-- TC_initiateCourse -->
        <test-method signature="TC_validData()[pri:1, instance:tests.TS_FormFillupValid@22a637e7]" started-at="2021-09-29T16:18:49 IST" name="TC_validData" finished-at="2021-09-29T16:19:03 IST" duration-ms="13448" status="PASS">
          <reporter-output>
          </reporter-output>
        </test-method> <!-- TC_validData -->
      </class> <!-- tests.TS_FormFillupValid -->
    </test> <!-- Smoke_Test -->
  </suite> <!-- Smoke_Suite -->
  <suite started-at="2021-09-29T16:20:26 IST" name="Hackathon_DataDriver" finished-at="2021-09-29T16:20:26 IST" duration-ms="0">
    <groups>
    </groups>
  </suite> <!-- Hackathon_DataDriver -->
  <suite started-at="2021-09-29T16:19:08 IST" name="Regression_Suite" finished-at="2021-09-29T16:20:26 IST" duration-ms="77672">
    <groups>
    </groups>
    <test started-at="2021-09-29T16:19:08 IST" name="Regresion_Test" finished-at="2021-09-29T16:20:26 IST" duration-ms="77672">
      <class name="tests.TS_FormFillupInvalid">
        <test-method is-config="true" signature="openWebsite()[pri:0, instance:tests.TS_FormFillupInvalid@1725dc0f]" started-at="2021-09-29T16:19:03 IST" name="openWebsite" finished-at="2021-09-29T16:19:08 IST" duration-ms="4963" status="PASS">
          <reporter-output>
          </reporter-output>
        </test-method> <!-- openWebsite -->
        <test-method is-config="true" signature="navigateToForm()[pri:0, instance:tests.TS_FormFillupInvalid@1725dc0f]" started-at="2021-09-29T16:19:08 IST" name="navigateToForm" finished-at="2021-09-29T16:19:13 IST" duration-ms="4664" status="PASS">
          <reporter-output>
          </reporter-output>
        </test-method> <!-- navigateToForm -->
        <test-method is-config="true" signature="refreshpage()[pri:0, instance:tests.TS_FormFillupInvalid@1725dc0f]" started-at="2021-09-29T16:19:13 IST" name="refreshpage" finished-at="2021-09-29T16:19:16 IST" duration-ms="2794" status="PASS">
          <reporter-output>
          </reporter-output>
        </test-method> <!-- refreshpage -->
        <test-method signature="TC_InvalidFirstName()[pri:1, instance:tests.TS_FormFillupInvalid@1725dc0f]" started-at="2021-09-29T16:19:16 IST" name="TC_InvalidFirstName" finished-at="2021-09-29T16:19:21 IST" duration-ms="5454" status="PASS">
          <reporter-output>
          </reporter-output>
        </test-method> <!-- TC_InvalidFirstName -->
        <test-method is-config="true" signature="refreshpage()[pri:0, instance:tests.TS_FormFillupInvalid@1725dc0f]" started-at="2021-09-29T16:19:21 IST" name="refreshpage" finished-at="2021-09-29T16:19:21 IST" duration-ms="6" status="PASS">
          <reporter-output>
          </reporter-output>
        </test-method> <!-- refreshpage -->
        <test-method signature="TC_InvalidLastName()[pri:2, instance:tests.TS_FormFillupInvalid@1725dc0f]" started-at="2021-09-29T16:19:21 IST" name="TC_InvalidLastName" finished-at="2021-09-29T16:19:27 IST" duration-ms="5939" status="PASS">
          <reporter-output>
          </reporter-output>
        </test-method> <!-- TC_InvalidLastName -->
        <test-method is-config="true" signature="refreshpage()[pri:0, instance:tests.TS_FormFillupInvalid@1725dc0f]" started-at="2021-09-29T16:19:27 IST" name="refreshpage" finished-at="2021-09-29T16:19:27 IST" duration-ms="5" status="PASS">
          <reporter-output>
          </reporter-output>
        </test-method> <!-- refreshpage -->
        <test-method signature="TC_InvalidJobFunction()[pri:3, instance:tests.TS_FormFillupInvalid@1725dc0f]" started-at="2021-09-29T16:19:27 IST" name="TC_InvalidJobFunction" finished-at="2021-09-29T16:19:33 IST" duration-ms="5251" status="PASS">
          <reporter-output>
          </reporter-output>
        </test-method> <!-- TC_InvalidJobFunction -->
        <test-method is-config="true" signature="refreshpage()[pri:0, instance:tests.TS_FormFillupInvalid@1725dc0f]" started-at="2021-09-29T16:19:33 IST" name="refreshpage" finished-at="2021-09-29T16:19:33 IST" duration-ms="8" status="PASS">
          <reporter-output>
          </reporter-output>
        </test-method> <!-- refreshpage -->
        <test-method signature="TC_InvalidJobTitle()[pri:4, instance:tests.TS_FormFillupInvalid@1725dc0f]" started-at="2021-09-29T16:19:33 IST" name="TC_InvalidJobTitle" finished-at="2021-09-29T16:19:38 IST" duration-ms="5310" status="PASS">
          <reporter-output>
          </reporter-output>
        </test-method> <!-- TC_InvalidJobTitle -->
        <test-method is-config="true" signature="refreshpage()[pri:0, instance:tests.TS_FormFillupInvalid@1725dc0f]" started-at="2021-09-29T16:19:38 IST" name="refreshpage" finished-at="2021-09-29T16:19:38 IST" duration-ms="5" status="PASS">
          <reporter-output>
          </reporter-output>
        </test-method> <!-- refreshpage -->
        <test-method signature="TC_InvalidEmail()[pri:5, instance:tests.TS_FormFillupInvalid@1725dc0f]" started-at="2021-09-29T16:19:38 IST" name="TC_InvalidEmail" finished-at="2021-09-29T16:19:44 IST" duration-ms="5381" status="PASS">
          <reporter-output>
          </reporter-output>
        </test-method> <!-- TC_InvalidEmail -->
        <test-method is-config="true" signature="refreshpage()[pri:0, instance:tests.TS_FormFillupInvalid@1725dc0f]" started-at="2021-09-29T16:19:44 IST" name="refreshpage" finished-at="2021-09-29T16:19:44 IST" duration-ms="8" status="PASS">
          <reporter-output>
          </reporter-output>
        </test-method> <!-- refreshpage -->
        <test-method signature="TC_InvalidPhoneNo()[pri:6, instance:tests.TS_FormFillupInvalid@1725dc0f]" started-at="2021-09-29T16:19:44 IST" name="TC_InvalidPhoneNo" finished-at="2021-09-29T16:19:49 IST" duration-ms="5167" status="PASS">
          <reporter-output>
          </reporter-output>
        </test-method> <!-- TC_InvalidPhoneNo -->
        <test-method is-config="true" signature="refreshpage()[pri:0, instance:tests.TS_FormFillupInvalid@1725dc0f]" started-at="2021-09-29T16:19:49 IST" name="refreshpage" finished-at="2021-09-29T16:19:49 IST" duration-ms="8" status="PASS">
          <reporter-output>
          </reporter-output>
        </test-method> <!-- refreshpage -->
        <test-method signature="TC_InvalidInstitutionName()[pri:7, instance:tests.TS_FormFillupInvalid@1725dc0f]" started-at="2021-09-29T16:19:49 IST" name="TC_InvalidInstitutionName" finished-at="2021-09-29T16:19:54 IST" duration-ms="5303" status="PASS">
          <reporter-output>
          </reporter-output>
        </test-method> <!-- TC_InvalidInstitutionName -->
        <test-method is-config="true" signature="refreshpage()[pri:0, instance:tests.TS_FormFillupInvalid@1725dc0f]" started-at="2021-09-29T16:19:54 IST" name="refreshpage" finished-at="2021-09-29T16:19:54 IST" duration-ms="7" status="PASS">
          <reporter-output>
          </reporter-output>
        </test-method> <!-- refreshpage -->
        <test-method signature="TC_InvalidInstitutionType()[pri:8, instance:tests.TS_FormFillupInvalid@1725dc0f]" started-at="2021-09-29T16:19:54 IST" name="TC_InvalidInstitutionType" finished-at="2021-09-29T16:20:00 IST" duration-ms="5420" status="PASS">
          <reporter-output>
          </reporter-output>
        </test-method> <!-- TC_InvalidInstitutionType -->
        <test-method is-config="true" signature="refreshpage()[pri:0, instance:tests.TS_FormFillupInvalid@1725dc0f]" started-at="2021-09-29T16:20:00 IST" name="refreshpage" finished-at="2021-09-29T16:20:00 IST" duration-ms="5" status="PASS">
          <reporter-output>
          </reporter-output>
        </test-method> <!-- refreshpage -->
        <test-method signature="TC_InvalidPrimaryDiscipline()[pri:9, instance:tests.TS_FormFillupInvalid@1725dc0f]" started-at="2021-09-29T16:20:00 IST" name="TC_InvalidPrimaryDiscipline" finished-at="2021-09-29T16:20:06 IST" duration-ms="5859" status="PASS">
          <reporter-output>
          </reporter-output>
        </test-method> <!-- TC_InvalidPrimaryDiscipline -->
        <test-method is-config="true" signature="refreshpage()[pri:0, instance:tests.TS_FormFillupInvalid@1725dc0f]" started-at="2021-09-29T16:20:06 IST" name="refreshpage" finished-at="2021-09-29T16:20:06 IST" duration-ms="8" status="PASS">
          <reporter-output>
          </reporter-output>
        </test-method> <!-- refreshpage -->
        <test-method signature="TC_InvalidCountry()[pri:10, instance:tests.TS_FormFillupInvalid@1725dc0f]" started-at="2021-09-29T16:20:06 IST" name="TC_InvalidCountry" finished-at="2021-09-29T16:20:20 IST" duration-ms="14287" status="PASS">
          <reporter-output>
          </reporter-output>
        </test-method> <!-- TC_InvalidCountry -->
        <test-method is-config="true" signature="refreshpage()[pri:0, instance:tests.TS_FormFillupInvalid@1725dc0f]" started-at="2021-09-29T16:20:20 IST" name="refreshpage" finished-at="2021-09-29T16:20:20 IST" duration-ms="6" status="PASS">
          <reporter-output>
          </reporter-output>
        </test-method> <!-- refreshpage -->
        <test-method signature="TC_InvalidState()[pri:11, instance:tests.TS_FormFillupInvalid@1725dc0f]" started-at="2021-09-29T16:20:20 IST" name="TC_InvalidState" finished-at="2021-09-29T16:20:26 IST" duration-ms="5327" status="PASS">
          <reporter-output>
          </reporter-output>
        </test-method> <!-- TC_InvalidState -->
        <test-method is-config="true" signature="exitBrowser()[pri:0, instance:tests.TS_FormFillupInvalid@1725dc0f]" started-at="2021-09-29T16:20:26 IST" name="exitBrowser" finished-at="2021-09-29T16:20:26 IST" duration-ms="234" status="PASS">
          <reporter-output>
          </reporter-output>
        </test-method> <!-- exitBrowser -->
      </class> <!-- tests.TS_FormFillupInvalid -->
    </test> <!-- Regresion_Test -->
  </suite> <!-- Regression_Suite -->
</testng-results>
